proguard/mapping.txt
android.support.v4.app.ActivityCompatHoneycomb -> android.support.v4.app.a:
    void invalidateOptionsMenu(android.app.Activity) -> a
android.support.v4.app.BackStackRecord -> android.support.v4.app.b:
    android.support.v4.app.FragmentManagerImpl mManager -> a
    android.support.v4.app.BackStackRecord$Op mHead -> b
    android.support.v4.app.BackStackRecord$Op mTail -> c
    int mNumOp -> d
    int mEnterAnim -> e
    int mExitAnim -> f
    int mPopEnterAnim -> g
    int mPopExitAnim -> h
    int mTransition -> i
    int mTransitionStyle -> j
    boolean mAddToBackStack -> k
    boolean mAllowAddToBackStack -> l
    java.lang.String mName -> m
    boolean mCommitted -> n
    int mIndex -> o
    int mBreadCrumbTitleRes -> p
    java.lang.CharSequence mBreadCrumbTitleText -> q
    int mBreadCrumbShortTitleRes -> r
    java.lang.CharSequence mBreadCrumbShortTitleText -> s
    java.lang.String toString() -> toString
    void dump(java.lang.String,java.io.FileDescriptor,java.io.PrintWriter,java.lang.String[]) -> a
    void dump(java.lang.String,java.io.PrintWriter,boolean) -> a
    void addOp(android.support.v4.app.BackStackRecord$Op) -> a
    android.support.v4.app.FragmentTransaction add(int,android.support.v4.app.Fragment,java.lang.String) -> a
    void doAddOp(int,android.support.v4.app.Fragment,java.lang.String,int) -> a
    android.support.v4.app.FragmentTransaction detach(android.support.v4.app.Fragment) -> a
    android.support.v4.app.FragmentTransaction attach(android.support.v4.app.Fragment) -> b
    void bumpBackStackNesting(int) -> a
    int commit() -> a
android.support.v4.app.BackStackRecord$Op -> android.support.v4.app.c:
    android.support.v4.app.BackStackRecord$Op next -> a
    android.support.v4.app.BackStackRecord$Op prev -> b
    int cmd -> c
    android.support.v4.app.Fragment fragment -> d
    int enterAnim -> e
    int exitAnim -> f
    int popEnterAnim -> g
    int popExitAnim -> h
    java.util.ArrayList removed -> i
android.support.v4.app.BackStackState -> android.support.v4.app.BackStackState:
    int[] mOps -> a
    int mTransition -> b
    int mTransitionStyle -> c
    java.lang.String mName -> d
    int mIndex -> e
    int mBreadCrumbTitleRes -> f
    java.lang.CharSequence mBreadCrumbTitleText -> g
    int mBreadCrumbShortTitleRes -> h
    java.lang.CharSequence mBreadCrumbShortTitleText -> i
    android.os.Parcelable$Creator CREATOR -> CREATOR
    android.support.v4.app.BackStackRecord instantiate(android.support.v4.app.FragmentManagerImpl) -> a
    int describeContents() -> describeContents
    void writeToParcel(android.os.Parcel,int) -> writeToParcel
android.support.v4.app.BackStackState$1 -> android.support.v4.app.d:
    android.support.v4.app.BackStackState createFromParcel(android.os.Parcel) -> a
    android.support.v4.app.BackStackState[] newArray(int) -> a
    java.lang.Object[] newArray(int) -> newArray
    java.lang.Object createFromParcel(android.os.Parcel) -> createFromParcel