proguard/usage.txt
org.apache.commons.collections.MapIterator
org.apache.commons.collections.MapUtils
org.apache.commons.collections.MultiHashMap
org.apache.commons.collections.MultiHashMap$1
org.apache.commons.collections.MultiHashMap$ValueIterator
org.apache.commons.collections.MultiHashMap$Values
org.apache.commons.collections.MultiMap
org.apache.commons.collections.OrderedBidiMap
org.apache.commons.collections.OrderedIterator
org.apache.commons.collections.OrderedMap
org.apache.commons.collections.OrderedMapIterator
org.apache.commons.collections.Predicate
org.apache.commons.collections.PredicateUtils
org.apache.commons.collections.PriorityQueue
org.apache.commons.collections.ProxyMap
org.apache.commons.collections.ReferenceMap
org.apache.commons.collections.ReferenceMap$1
org.apache.commons.collections.ReferenceMap$2
org.apache.commons.collections.ReferenceMap$3
org.apache.commons.collections.ReferenceMap$Entry
org.apache.commons.collections.ReferenceMap$EntryIterator
org.apache.commons.collections.ReferenceMap$KeyIterator
org.apache.commons.collections.ReferenceMap$SoftRef
org.apache.commons.collections.ReferenceMap$ValueIterator
org.apache.commons.collections.ReferenceMap$WeakRef
org.apache.commons.collections.ResettableIterator
org.apache.commons.collections.ResettableListIterator
org.apache.commons.collections.SequencedHashMap
org.apache.commons.collections.SequencedHashMap$1
org.apache.commons.collections.SequencedHashMap$2
org.apache.commons.collections.SequencedHashMap$3
org.apache.commons.collections.SequencedHashMap$Entry
org.apache.commons.collections.SequencedHashMap$OrderedIterator
org.apache.commons.collections.SetUtils
org.apache.commons.collections.SortedBag
org.apache.commons.collections.SortedBidiMap
org.apache.commons.collections.StaticBucketMap
org.apache.commons.collections.StaticBucketMap$1
org.apache.commons.collections.StaticBucketMap$EntryIterator
org.apache.commons.collections.StaticBucketMap$EntrySet
org.apache.commons.collections.StaticBucketMap$KeyIterator
org.apache.commons.collections.StaticBucketMap$KeySet
org.apache.commons.collections.StaticBucketMap$Lock
org.apache.commons.collections.StaticBucketMap$Node
org.apache.commons.collections.StaticBucketMap$ValueIterator
org.apache.commons.collections.StaticBucketMap$Values
org.apache.commons.collections.SynchronizedPriorityQueue
org.apache.commons.collections.Transformer
org.apache.commons.collections.TransformerUtils
org.apache.commons.collections.TreeBag
org.apache.commons.collections.UnboundedFifoBuffer
org.apache.commons.collections.UnboundedFifoBuffer$1
org.apache.commons.collections.Unmodifiable
org.apache.commons.collections.bag.AbstractBagDecorator
org.apache.commons.collections.bag.AbstractMapBag
org.apache.commons.collections.bag.AbstractMapBag$BagIterator
org.apache.commons.collections.bag.AbstractMapBag$MutableInteger
org.apache.commons.collections.bag.AbstractSortedBagDecorator
org.apache.commons.collections.bag.HashBag
org.apache.commons.collections.bag.PredicatedBag
org.apache.commons.collections.bag.PredicatedSortedBag
org.apache.commons.collections.bag.SynchronizedBag
org.apache.commons.collections.bag.SynchronizedBag$SynchronizedBagSet
org.apache.commons.collections.bag.SynchronizedSortedBag
org.apache.commons.collections.bag.TransformedBag
org.apache.commons.collections.bag.TransformedSortedBag
org.apache.commons.collections.bag.TreeBag
org.apache.commons.collections.bag.TypedBag
org.apache.commons.collections.bag.TypedSortedBag
org.apache.commons.collections.bag.UnmodifiableBag
org.apache.commons.collections.bag.UnmodifiableSortedBag
org.apache.commons.collections.bidimap.AbstractBidiMapDecorator
org.apache.commons.collections.bidimap.AbstractDualBidiMap
org.apache.commons.collections.bidimap.AbstractDualBidiMap$BidiMapIterator
org.apache.commons.collections.bidimap.AbstractDualBidiMap$EntrySet